2018-09-21 20:11:40,974 CRIT Supervisor running as root (no user in config file)
2018-09-21 20:11:40,994 INFO RPC interface 'supervisor' initialized
2018-09-21 20:11:40,994 CRIT Server 'inet_http_server' running without any HTTP authentication checking
2018-09-21 20:11:40,995 INFO daemonizing the supervisord process
2018-09-21 20:11:40,995 INFO supervisord started with pid 19
2018-09-21 20:11:41,998 INFO spawned: 'ciecv31' with pid 21
2018-09-21 20:11:43,000 INFO success: ciecv31 entered RUNNING state, process has stayed up for > than 1 seconds (startsecs)
2018-09-21 20:21:19,862 CRIT Supervisor running as root (no user in config file)
2018-09-21 20:21:26,284 CRIT Supervisor running as root (no user in config file)
2018-09-21 20:21:34,575 CRIT Supervisor running as root (no user in config file)
2018-09-21 20:22:38,812 CRIT Supervisor running as root (no user in config file)
2018-09-21 20:23:10,089 CRIT Supervisor running as root (no user in config file)
2018-09-21 20:23:27,275 CRIT Supervisor running as root (no user in config file)
2018-09-21 20:42:03,846 CRIT Supervisor running as root (no user in config file)
2018-09-21 20:42:03,903 INFO RPC interface 'supervisor' initialized
2018-09-21 20:42:03,903 CRIT Server 'inet_http_server' running without any HTTP authentication checking
2018-09-21 20:42:03,904 INFO daemonizing the supervisord process
2018-09-21 20:42:03,905 INFO supervisord started with pid 13
2018-09-21 20:42:04,908 INFO spawned: 'ciecv31' with pid 15
2018-09-21 20:42:06,333 INFO success: ciecv31 entered RUNNING state, process has stayed up for > than 1 seconds (startsecs)
2018-09-21 21:22:48,476 CRIT Supervisor running as root (no user in config file)
2018-09-21 21:22:48,482 INFO RPC interface 'supervisor' initialized
2018-09-21 21:22:48,482 CRIT Server 'inet_http_server' running without any HTTP authentication checking
2018-09-21 21:22:48,482 INFO daemonizing the supervisord process
2018-09-21 21:22:48,483 INFO supervisord started with pid 13
2018-09-21 21:22:49,485 INFO spawned: 'ciecv31' with pid 15
2018-09-21 21:22:50,821 INFO success: ciecv31 entered RUNNING state, process has stayed up for > than 1 seconds (startsecs)
2018-09-21 22:39:45,708 CRIT Supervisor running as root (no user in config file)
2018-09-21 22:39:45,772 INFO RPC interface 'supervisor' initialized
2018-09-21 22:39:45,772 CRIT Server 'inet_http_server' running without any HTTP authentication checking
2018-09-21 22:39:45,774 INFO daemonizing the supervisord process
2018-09-21 22:39:45,775 INFO supervisord started with pid 15
2018-09-21 22:39:46,778 INFO spawned: 'ciecv31' with pid 17
2018-09-21 22:39:48,330 INFO success: ciecv31 entered RUNNING state, process has stayed up for > than 1 seconds (startsecs)
2018-09-21 23:01:53,249 CRIT Supervisor running as root (no user in config file)
2018-09-21 23:01:53,256 INFO RPC interface 'supervisor' initialized
2018-09-21 23:01:53,256 CRIT Server 'inet_http_server' running without any HTTP authentication checking
2018-09-21 23:01:53,257 INFO daemonizing the supervisord process
2018-09-21 23:01:53,257 INFO supervisord started with pid 15
2018-09-21 23:01:54,263 INFO spawned: 'ciecv31' with pid 17
2018-09-21 23:01:55,555 INFO success: ciecv31 entered RUNNING state, process has stayed up for > than 1 seconds (startsecs)
2018-09-21 23:19:57,201 CRIT Supervisor running as root (no user in config file)
2018-09-21 23:19:57,209 INFO RPC interface 'supervisor' initialized
2018-09-21 23:19:57,209 CRIT Server 'inet_http_server' running without any HTTP authentication checking
2018-09-21 23:19:57,210 INFO daemonizing the supervisord process
2018-09-21 23:19:57,212 INFO supervisord started with pid 13
2018-09-21 23:19:58,214 INFO spawned: 'ciecv31' with pid 15
2018-09-21 23:19:59,471 INFO success: ciecv31 entered RUNNING state, process has stayed up for > than 1 seconds (startsecs)
2018-09-21 23:43:34,706 CRIT Supervisor running as root (no user in config file)
2018-09-21 23:43:34,714 INFO RPC interface 'supervisor' initialized
2018-09-21 23:43:34,714 CRIT Server 'inet_http_server' running without any HTTP authentication checking
2018-09-21 23:43:34,715 INFO daemonizing the supervisord process
2018-09-21 23:43:34,716 INFO supervisord started with pid 14
2018-09-21 23:43:35,718 INFO spawned: 'ciecv31' with pid 16
2018-09-21 23:43:37,140 INFO success: ciecv31 entered RUNNING state, process has stayed up for > than 1 seconds (startsecs)
2018-09-22 00:11:10,813 CRIT Supervisor running as root (no user in config file)
2018-09-22 00:11:10,822 INFO RPC interface 'supervisor' initialized
2018-09-22 00:11:10,822 CRIT Server 'inet_http_server' running without any HTTP authentication checking
2018-09-22 00:11:10,823 INFO daemonizing the supervisord process
2018-09-22 00:11:10,824 INFO supervisord started with pid 15
2018-09-22 00:11:11,826 INFO spawned: 'ciecv31' with pid 17
2018-09-22 00:11:13,135 INFO success: ciecv31 entered RUNNING state, process has stayed up for > than 1 seconds (startsecs)
2018-09-22 00:27:49,555 CRIT Supervisor running as root (no user in config file)
2018-09-22 00:27:49,560 INFO RPC interface 'supervisor' initialized
2018-09-22 00:27:49,560 CRIT Server 'inet_http_server' running without any HTTP authentication checking
2018-09-22 00:27:49,561 INFO daemonizing the supervisord process
2018-09-22 00:27:49,562 INFO supervisord started with pid 14
2018-09-22 00:27:50,330 CRIT Supervisor running as root (no user in config file)
2018-09-22 00:27:50,336 INFO RPC interface 'supervisor' initialized
2018-09-22 00:27:50,336 CRIT Server 'inet_http_server' running without any HTTP authentication checking
2018-09-22 00:27:50,337 INFO daemonizing the supervisord process
2018-09-22 00:27:50,338 INFO supervisord started with pid 15
2018-09-22 00:27:50,567 INFO spawned: 'ciecv31' with pid 16
2018-09-22 00:27:51,341 INFO spawned: 'ciecv31' with pid 17
2018-09-22 00:27:51,898 INFO success: ciecv31 entered RUNNING state, process has stayed up for > than 1 seconds (startsecs)
2018-09-22 00:27:52,957 INFO success: ciecv31 entered RUNNING state, process has stayed up for > than 1 seconds (startsecs)
